/opt/work/wip/micro/work/src/github.com/zyedidia/micro/internal/config/plugin_installer.go:16:2: cannot find package "github.com/blang/semver" in any of:
	/opt/pkg/go114/src/github.com/blang/semver (from $GOROOT)
	/opt/work/wip/micro/work/src/github.com/blang/semver (from $GOPATH)
	/opt/work/wip/micro/work/.buildlink/gopkg/src/github.com/blang/semver
/opt/work/wip/micro/work/src/github.com/zyedidia/micro/internal/util/profile.go:9:2: cannot find package "github.com/dustin/go-humanize" in any of:
	/opt/pkg/go114/src/github.com/dustin/go-humanize (from $GOROOT)
	/opt/work/wip/micro/work/src/github.com/dustin/go-humanize (from $GOPATH)
	/opt/work/wip/micro/work/.buildlink/gopkg/src/github.com/dustin/go-humanize
/opt/work/wip/micro/work/src/github.com/zyedidia/micro/cmd/micro/micro.go:13:2: cannot find package "github.com/go-errors/errors" in any of:
	/opt/pkg/go114/src/github.com/go-errors/errors (from $GOROOT)
	/opt/work/wip/micro/work/src/github.com/go-errors/errors (from $GOPATH)
	/opt/work/wip/micro/work/.buildlink/gopkg/src/github.com/go-errors/errors
/opt/work/wip/micro/work/src/github.com/zyedidia/micro/internal/action/actions.go:9:2: cannot find package "github.com/kballard/go-shellquote" in any of:
	/opt/pkg/go114/src/github.com/kballard/go-shellquote (from $GOROOT)
	/opt/work/wip/micro/work/src/github.com/kballard/go-shellquote (from $GOPATH)
	/opt/work/wip/micro/work/.buildlink/gopkg/src/github.com/kballard/go-shellquote
/opt/work/wip/micro/work/src/github.com/zyedidia/micro/cmd/micro/micro.go:14:2: cannot find package "github.com/mattn/go-isatty" in any of:
	/opt/pkg/go114/src/github.com/mattn/go-isatty (from $GOROOT)
	/opt/work/wip/micro/work/src/github.com/mattn/go-isatty (from $GOPATH)
	/opt/work/wip/micro/work/.buildlink/gopkg/src/github.com/mattn/go-isatty
/opt/work/wip/micro/work/src/github.com/zyedidia/micro/internal/util/util.go:18:2: cannot find package "github.com/mattn/go-runewidth" in any of:
	/opt/pkg/go114/src/github.com/mattn/go-runewidth (from $GOROOT)
	/opt/work/wip/micro/work/src/github.com/mattn/go-runewidth (from $GOPATH)
	/opt/work/wip/micro/work/.buildlink/gopkg/src/github.com/mattn/go-runewidth
/opt/work/wip/micro/work/src/github.com/zyedidia/micro/internal/config/config.go:8:2: cannot find package "github.com/mitchellh/go-homedir" in any of:
	/opt/pkg/go114/src/github.com/mitchellh/go-homedir (from $GOROOT)
	/opt/work/wip/micro/work/src/github.com/mitchellh/go-homedir (from $GOPATH)
	/opt/work/wip/micro/work/.buildlink/gopkg/src/github.com/mitchellh/go-homedir
/opt/work/wip/micro/work/src/github.com/zyedidia/micro/internal/buffer/buffer.go:21:2: cannot find package "github.com/sergi/go-diff/diffmatchpatch" in any of:
	/opt/pkg/go114/src/github.com/sergi/go-diff/diffmatchpatch (from $GOROOT)
	/opt/work/wip/micro/work/src/github.com/sergi/go-diff/diffmatchpatch (from $GOPATH)
	/opt/work/wip/micro/work/.buildlink/gopkg/src/github.com/sergi/go-diff/diffmatchpatch
/opt/work/wip/micro/work/src/github.com/zyedidia/micro/cmd/micro/initlua.go:6:2: cannot find package "github.com/yuin/gopher-lua" in any of:
	/opt/pkg/go114/src/github.com/yuin/gopher-lua (from $GOROOT)
	/opt/work/wip/micro/work/src/github.com/yuin/gopher-lua (from $GOPATH)
	/opt/work/wip/micro/work/.buildlink/gopkg/src/github.com/yuin/gopher-lua
/opt/work/wip/micro/work/src/github.com/zyedidia/micro/internal/action/actions.go:10:2: cannot find package "github.com/zyedidia/clipboard" in any of:
	/opt/pkg/go114/src/github.com/zyedidia/clipboard (from $GOROOT)
	/opt/work/wip/micro/work/src/github.com/zyedidia/clipboard (from $GOPATH)
	/opt/work/wip/micro/work/.buildlink/gopkg/src/github.com/zyedidia/clipboard
/opt/work/wip/micro/work/src/github.com/zyedidia/micro/internal/config/settings.go:13:2: cannot find package "github.com/zyedidia/glob" in any of:
	/opt/pkg/go114/src/github.com/zyedidia/glob (from $GOROOT)
	/opt/work/wip/micro/work/src/github.com/zyedidia/glob (from $GOPATH)
	/opt/work/wip/micro/work/.buildlink/gopkg/src/github.com/zyedidia/glob
/opt/work/wip/micro/work/src/github.com/zyedidia/micro/internal/action/bindings.go:12:2: cannot find package "github.com/zyedidia/json5" in any of:
	/opt/pkg/go114/src/github.com/zyedidia/json5 (from $GOROOT)
	/opt/work/wip/micro/work/src/github.com/zyedidia/json5 (from $GOPATH)
	/opt/work/wip/micro/work/.buildlink/gopkg/src/github.com/zyedidia/json5
/opt/work/wip/micro/work/src/github.com/zyedidia/micro/internal/config/colorscheme.go:9:2: cannot find package "github.com/zyedidia/tcell" in any of:
	/opt/pkg/go114/src/github.com/zyedidia/tcell (from $GOROOT)
	/opt/work/wip/micro/work/src/github.com/zyedidia/tcell (from $GOPATH)
	/opt/work/wip/micro/work/.buildlink/gopkg/src/github.com/zyedidia/tcell
/opt/work/wip/micro/work/src/github.com/zyedidia/micro/internal/shell/terminal.go:10:2: cannot find package "github.com/zyedidia/terminal" in any of:
	/opt/pkg/go114/src/github.com/zyedidia/terminal (from $GOROOT)
	/opt/work/wip/micro/work/src/github.com/zyedidia/terminal (from $GOPATH)
	/opt/work/wip/micro/work/.buildlink/gopkg/src/github.com/zyedidia/terminal
/opt/work/wip/micro/work/src/github.com/zyedidia/micro/internal/buffer/backup.go:13:2: cannot find package "golang.org/x/text/encoding" in any of:
	/opt/pkg/go114/src/golang.org/x/text/encoding (from $GOROOT)
	/opt/work/wip/micro/work/src/golang.org/x/text/encoding (from $GOPATH)
	/opt/work/wip/micro/work/.buildlink/gopkg/src/golang.org/x/text/encoding
/opt/work/wip/micro/work/src/github.com/zyedidia/micro/internal/config/settings.go:16:2: cannot find package "golang.org/x/text/encoding/htmlindex" in any of:
	/opt/pkg/go114/src/golang.org/x/text/encoding/htmlindex (from $GOROOT)
	/opt/work/wip/micro/work/src/golang.org/x/text/encoding/htmlindex (from $GOPATH)
	/opt/work/wip/micro/work/.buildlink/gopkg/src/golang.org/x/text/encoding/htmlindex
/opt/work/wip/micro/work/src/github.com/zyedidia/micro/internal/buffer/buffer.go:28:2: cannot find package "golang.org/x/text/encoding/unicode" in any of:
	/opt/pkg/go114/src/golang.org/x/text/encoding/unicode (from $GOROOT)
	/opt/work/wip/micro/work/src/golang.org/x/text/encoding/unicode (from $GOPATH)
	/opt/work/wip/micro/work/.buildlink/gopkg/src/golang.org/x/text/encoding/unicode
/opt/work/wip/micro/work/src/github.com/zyedidia/micro/internal/buffer/buffer.go:29:2: cannot find package "golang.org/x/text/transform" in any of:
	/opt/pkg/go114/src/golang.org/x/text/transform (from $GOROOT)
	/opt/work/wip/micro/work/src/golang.org/x/text/transform (from $GOPATH)
	/opt/work/wip/micro/work/.buildlink/gopkg/src/golang.org/x/text/transform
/opt/work/wip/micro/work/src/github.com/zyedidia/micro/pkg/highlight/parser.go:9:2: cannot find package "gopkg.in/yaml.v2" in any of:
	/opt/pkg/go114/src/gopkg.in/yaml.v2 (from $GOROOT)
	/opt/work/wip/micro/work/src/gopkg.in/yaml.v2 (from $GOPATH)
	/opt/work/wip/micro/work/.buildlink/gopkg/src/gopkg.in/yaml.v2
/opt/work/wip/micro/work/src/github.com/zyedidia/micro/internal/lua/lua.go:22:2: cannot find package "layeh.com/gopher-luar" in any of:
	/opt/pkg/go114/src/layeh.com/gopher-luar (from $GOROOT)
	/opt/work/wip/micro/work/src/layeh.com/gopher-luar (from $GOPATH)
	/opt/work/wip/micro/work/.buildlink/gopkg/src/layeh.com/gopher-luar
/opt/work/wip/micro/work/src/github.com/zyedidia/micro/runtime/syntax/syntax_checker.go:8:2: cannot find package "github.com/zyedidia/highlight" in any of:
	/opt/pkg/go114/src/github.com/zyedidia/highlight (from $GOROOT)
	/opt/work/wip/micro/work/src/github.com/zyedidia/highlight (from $GOPATH)
	/opt/work/wip/micro/work/.buildlink/gopkg/src/github.com/zyedidia/highlight
/opt/work/wip/micro/work/src/github.com/zyedidia/micro/tools/testgen.go:11:2: cannot find package "github.com/robertkrimen/otto/ast" in any of:
	/opt/pkg/go114/src/github.com/robertkrimen/otto/ast (from $GOROOT)
	/opt/work/wip/micro/work/src/github.com/robertkrimen/otto/ast (from $GOPATH)
	/opt/work/wip/micro/work/.buildlink/gopkg/src/github.com/robertkrimen/otto/ast
/opt/work/wip/micro/work/src/github.com/zyedidia/micro/tools/testgen.go:12:2: cannot find package "github.com/robertkrimen/otto/parser" in any of:
	/opt/pkg/go114/src/github.com/robertkrimen/otto/parser (from $GOROOT)
	/opt/work/wip/micro/work/src/github.com/robertkrimen/otto/parser (from $GOPATH)
	/opt/work/wip/micro/work/.buildlink/gopkg/src/github.com/robertkrimen/otto/parser
