=> Bootstrap dependency digest>=20010302: found digest-20190127
===> _pkgformat-check-vulnerable [compat32_libxslt-1.1.33] ===> Skipping vulnerability checks.
WARNING: No /var/db/pkg/pkg-vulnerabilities file found.
WARNING: To fix run: `/usr/sbin/pkg_admin -K /var/db/pkg fetch-pkg-vulnerabilities'.
=> Checksum SHA1 OK for libxslt-1.1.33.tar.gz
=> Checksum RMD160 OK for libxslt-1.1.33.tar.gz
=> Checksum SHA512 OK for libxslt-1.1.33.tar.gz
===> depends-message [compat32_libxslt-1.1.33] ===> Installing dependencies for compat32_libxslt-1.1.33
=> Tool dependency libtool-base>=2.4.2nb9: found libtool-base-2.4.6nb2
=> Tool dependency gmake>=3.81: found gmake-4.2.1nb1
=> Tool dependency perl>=5.0: found perl-5.28.2
=> Tool dependency checkperms>=1.1: found checkperms-1.12
=> Build dependency docbook-xml-[0-9]*: found docbook-xml-4.5
=> Build dependency docbook-xsl-[0-9]*: found docbook-xsl-1.79.1nb3
=> Build dependency libxml2>=2.8.0nb2: found libxml2-2.9.9
=> Build dependency cwrappers>=20150314: found cwrappers-20180325
=> Full dependency compat32_libgcrypt>=1.6.0: found compat32_libgcrypt-1.8.4
=> Full dependency compat32_libxml2>=2.8.0nb2: found compat32_libxml2-2.9.9
===> tools-message [compat32_libxslt-1.1.33] ===> Overriding tools for compat32_libxslt-1.1.33
===> extract-message [compat32_libxslt-1.1.33] ===> Extracting for compat32_libxslt-1.1.33
cp /usr/pkgsrc/wip/libxslt-32/work/libxslt-1.1.33/libxslt/libxslt.syms /usr/pkgsrc/wip/libxslt-32/work/libxslt-1.1.33/libxslt/libxslt_solaris.syms
===> patch-message [compat32_libxslt-1.1.33] ===> Patching for compat32_libxslt-1.1.33
=> Applying pkgsrc patches for compat32_libxslt-1.1.33
=> Verifying /usr/pkgsrc/wip/libxslt-32/../../textproc/libxslt/patches/patch-libexslt_date.c
=> Applying pkgsrc patch /usr/pkgsrc/wip/libxslt-32/../../textproc/libxslt/patches/patch-libexslt_date.c
Hmm...  Looks like a unified diff to me...
The text leading up to this was:
--------------------------
|$NetBSD: patch-libexslt_date.c,v 1.1 2019/01/09 19:12:14 adam Exp $
|
|--- libexslt/date.c.orig	2012-09-12 05:58:38.000000000 +0000
|+++ libexslt/date.c
--------------------------
Patching file libexslt/date.c using Plan A...
Hunk #1 succeeded at 31.
done
===> wrapper-message [compat32_libxslt-1.1.33] ===> Creating toolchain wrappers for compat32_libxslt-1.1.33
===> configure-message [compat32_libxslt-1.1.33] ===> Configuring for compat32_libxslt-1.1.33
=> Modifying GNU configure scripts to avoid --recheck
=> Replacing config-guess with pkgsrc versions
=> Replacing config-sub with pkgsrc versions
=> Replacing install-sh with pkgsrc version
=> Adding run-time search paths to pkg-config files.
INFO: [subst.mk:_pkgconfig] Nothing changed in ./libxslt.pc.in.
INFO: [subst.mk:_pkgconfig] Nothing changed in ./libexslt.pc.in.
=> Checking for portability problems in extracted files
checking build system type... x86_64--netbsd
checking host system type... x86_64--netbsd
checking for x86_64--netbsd-gcc... gcc
checking whether the C compiler works... yes
checking for C compiler default output file name... a.out
checking for suffix of executables... 
checking whether we are cross compiling... no
checking for suffix of object files... o
checking whether we are using the GNU C compiler... yes
checking whether gcc accepts -g... yes
checking for gcc option to accept ISO C89... none needed
checking whether gcc understands -c and -o together... yes
checking how to run the C preprocessor... gcc -E
checking for grep that handles long lines and -e... (cached) /usr/bin/grep
checking for egrep... (cached) /usr/bin/egrep
checking for ANSI C header files... yes
checking for sys/types.h... yes
checking for sys/stat.h... yes
checking for stdlib.h... yes
checking for string.h... yes
checking for memory.h... yes
checking for strings.h... yes
checking for inttypes.h... yes
checking for stdint.h... yes
checking for unistd.h... yes
checking minix/config.h usability... no
checking minix/config.h presence... no
checking for minix/config.h... no
checking whether it is safe to define __EXTENSIONS__... yes
checking for a BSD-compatible install... /usr/bin/install -c -o zer -g users
checking whether build environment is sane... yes
checking for a thread-safe mkdir -p... ./install-sh -c -d
checking for gawk... /usr/bin/awk
checking whether make sets $(MAKE)... yes
checking for style of include used by make... GNU
checking whether make supports nested variables... yes
checking dependency style of gcc... gcc3
checking whether make supports nested variables... (cached) yes
checking for x86_64--netbsd-gcc... (cached) gcc
checking whether we are using the GNU C compiler... (cached) yes
checking whether gcc accepts -g... (cached) yes
checking for gcc option to accept ISO C89... (cached) none needed
checking whether gcc understands -c and -o together... (cached) yes
checking how to run the C preprocessor... gcc -E
checking for xmllint... /usr/pkg/bin/xmllint
checking for xsltproc... /usr/pkg/bin/xsltproc
checking for ANSI C header files... (cached) yes
checking how to print strings... printf
checking for a sed that does not truncate output... /usr/bin/sed
checking for fgrep... /usr/bin/grep -F
checking for ld used by gcc... /usr/pkgsrc/wip/libxslt-32/work/.cwrapper/bin/ld
checking if the linker (/usr/pkgsrc/wip/libxslt-32/work/.cwrapper/bin/ld) is GNU ld... yes
checking for BSD- or MS-compatible name lister (nm)... /usr/bin/nm -B
checking the name lister (/usr/bin/nm -B) interface... BSD nm
checking whether ln -s works... yes
checking the maximum length of command line arguments... (cached) 262144
checking how to convert x86_64--netbsd file names to x86_64--netbsd format... func_convert_file_noop
checking how to convert x86_64--netbsd file names to toolchain format... func_convert_file_noop
checking for /usr/pkgsrc/wip/libxslt-32/work/.cwrapper/bin/ld option to reload object files... -r
checking for x86_64--netbsd-objdump... no
checking for objdump... objdump
checking how to recognize dependent libraries... match_pattern /lib[^/]+(\.so|_pic\.a)$
checking for x86_64--netbsd-dlltool... no
checking for dlltool... no
checking how to associate runtime and link libraries... printf %s\n
checking for x86_64--netbsd-ar... no
checking for ar... ar
checking for archiver @FILE support... @
checking for x86_64--netbsd-strip... no
checking for strip... strip
checking for x86_64--netbsd-ranlib... no
checking for ranlib... ranlib
checking command to parse /usr/bin/nm -B output from gcc object... ok
checking for sysroot... no
checking for a working dd... /bin/dd
checking how to truncate binary pipes... /bin/dd bs=4096 count=1
checking for x86_64--netbsd-mt... no
checking for mt... mt
checking if mt is a manifest tool... no
checking for dlfcn.h... yes
checking for objdir... .libs
checking if gcc supports -fno-rtti -fno-exceptions... no
checking for gcc option to produce PIC... -fPIC -DPIC
checking if gcc PIC flag -fPIC -DPIC works... yes
checking if gcc static flag -static works... yes
checking if gcc supports -c -o file.o... rm: conftest*: No such file or directory
yes
checking if gcc supports -c -o file.o... (cached) yes
checking whether the gcc linker (/usr/pkgsrc/wip/libxslt-32/work/.cwrapper/bin/ld) supports shared libraries... yes
checking whether -lc should be explicitly linked in... rm: conftest*: No such file or directory
no
checking dynamic linker characteristics... NetBSD ld.elf_so
checking how to hardcode library paths into programs... immediate
checking whether stripping libraries is possible... no
checking if libtool supports shared libraries... yes
checking whether to build shared libraries... yes
checking whether to build static libraries... yes
checking for sys/types.h... (cached) yes
checking sys/time.h usability... yes
checking sys/time.h presence... yes
checking for sys/time.h... yes
checking for stdlib.h... (cached) yes
checking for unistd.h... (cached) yes
checking for string.h... (cached) yes
checking how to pass version script to the linker (/usr/pkgsrc/wip/libxslt-32/work/.cwrapper/bin/ld)... -Wl,--version-script=
checking pthread.h usability... yes
checking pthread.h presence... yes
checking for pthread.h... yes
checking for pthread_join in -lpthread... yes
checking locale.h usability... yes
checking locale.h presence... yes
checking for locale.h... yes
checking xlocale.h usability... no
checking xlocale.h presence... no
checking for xlocale.h... no
checking for strxfrm_l... yes
checking ieeefp.h usability... yes
checking ieeefp.h presence... yes
checking for ieeefp.h... yes
checking nan.h usability... no
checking nan.h presence... no
checking for nan.h... no
checking math.h usability... yes
checking math.h presence... yes
checking for math.h... yes
checking fp_class.h usability... no
checking fp_class.h presence... no
checking for fp_class.h... no
checking float.h usability... yes
checking float.h presence... yes
checking for float.h... yes
checking ansidecl.h usability... no
checking ansidecl.h presence... no
checking for ansidecl.h... no
checking sys/timeb.h usability... yes
checking sys/timeb.h presence... yes
checking for sys/timeb.h... yes
checking time.h usability... yes
checking time.h presence... yes
checking for time.h... yes
checking for sys/stat.h... (cached) yes
checking sys/select.h usability... yes
checking sys/select.h presence... yes
checking for sys/select.h... yes
checking stdarg.h usability... yes
checking stdarg.h presence... yes
checking for stdarg.h... yes
checking errno.h usability... yes
checking errno.h presence... yes
checking for errno.h... yes
checking for stat... yes
checking for _stat... no
checking for pow... no
checking for pow in -lm... yes
checking for floor... no
checking for floor in -lm... yes
checking for fabs... yes
checking for gettimeofday... yes
checking for localtime... yes
checking for localtime_r... yes
checking for time... yes
checking for gmtime... yes
checking for gmtime_r... yes
checking for ftime... no
checking for printf... yes
checking for sprintf... yes
checking for fprintf... yes
checking for snprintf... yes
checking for vfprintf... yes
checking for vsprintf... yes
checking for vsnprintf... yes
checking for sscanf... yes
checking for clock_gettime... yes
checking for perl... /usr/pkg/bin/perl
checking for x86_64--netbsd-libgcrypt-config... no
checking for libgcrypt-config... /usr/pkg/bin/libgcrypt-config
Crypto extensions will be available.
Enabling debugger
checking for x86_64--netbsd-xml2-config... no
checking for xml2-config... /usr/pkg/bin/xml2-config
checking for libxml libraries >= 2.6.27... 2.9.9 found
checking whether shared libraries will be built (required for plugins)... yes
checking libxml2 module support... yes
checking that generated files are newer than configure... done
configure: creating ./config.status
config.status: creating Makefile
config.status: creating libxslt.pc
config.status: creating libexslt.pc
config.status: creating libxslt/Makefile
config.status: creating libxslt/xsltconfig.h
config.status: creating libxslt/xsltwin32config.h
config.status: creating libexslt/Makefile
config.status: creating libexslt/exsltconfig.h
config.status: creating xsltproc/Makefile
config.status: creating python/Makefile
config.status: creating python/tests/Makefile
config.status: creating tests/Makefile
config.status: creating tests/docs/Makefile
config.status: creating tests/REC1/Makefile
config.status: creating tests/REC2/Makefile
config.status: creating tests/REC/Makefile
config.status: creating tests/general/Makefile
config.status: creating tests/reports/Makefile
config.status: creating tests/extensions/Makefile
config.status: creating tests/namespaces/Makefile
config.status: creating tests/keys/Makefile
config.status: creating tests/numbers/Makefile
config.status: creating tests/documents/Makefile
config.status: creating tests/xmlspec/Makefile
config.status: creating tests/multiple/Makefile
config.status: creating tests/xinclude/Makefile
config.status: creating tests/XSLTMark/Makefile
config.status: creating tests/docbook/Makefile
config.status: creating tests/exslt/Makefile
config.status: creating tests/exslt/common/Makefile
config.status: creating tests/exslt/functions/Makefile
config.status: creating tests/exslt/math/Makefile
config.status: creating tests/exslt/saxon/Makefile
config.status: creating tests/exslt/sets/Makefile
config.status: creating tests/exslt/strings/Makefile
config.status: creating tests/exslt/date/Makefile
config.status: creating tests/exslt/dynamic/Makefile
config.status: creating tests/exslt/crypto/Makefile
config.status: creating tests/plugins/Makefile
config.status: creating doc/Makefile
config.status: creating xslt-config
config.status: creating libxslt.spec
config.status: creating config.h
config.status: executing depfiles commands
config.status: executing libtool commands
rm: libtoolT: No such file or directory
=> Modifying libtool scripts to use pkgsrc libtool
=> Modifying libtool scripts to use pkgsrc depcomp
===> build-message [compat32_libxslt-1.1.33] ===> Building for compat32_libxslt-1.1.33
/usr/pkg/bin/gmake  all-recursive
gmake[1]: Entering directory '/usr/pkgsrc/wip/libxslt-32/work/libxslt-1.1.33'
Making all in libxslt
gmake[2]: Entering directory '/usr/pkgsrc/wip/libxslt-32/work/libxslt-1.1.33/libxslt'
  CC       attrvt.lo
  CC       xslt.lo
  CC       xsltlocale.lo
  CC       pattern.lo
  CC       xsltutils.lo
  CC       templates.lo
  CC       variables.lo
  CC       keys.lo
  CC       numbers.lo
  CC       extensions.lo
  CC       extra.lo
  CC       functions.lo
  CC       namespaces.lo
  CC       imports.lo
  CC       attributes.lo
  CC       documents.lo
  CC       preproc.lo
  CC       transform.lo
  CC       security.lo
  CCLD     libxslt.la
gmake[2]: Leaving directory '/usr/pkgsrc/wip/libxslt-32/work/libxslt-1.1.33/libxslt'
Making all in libexslt
gmake[2]: Entering directory '/usr/pkgsrc/wip/libxslt-32/work/libxslt-1.1.33/libexslt'
  CC       exslt.lo
  CC       common.lo
  CC       crypto.lo
  CC       math.lo
  CC       functions.lo
  CC       sets.lo
  CC       strings.lo
  CC       date.lo
  CC       saxon.lo
  CC       dynamic.lo
  CCLD     libexslt.la
ld: skipping incompatible /usr/pkgsrc/wip/libxslt-32/work/.buildlink/lib/libgpg-error.so when searching for -lgpg-error
ld: skipping incompatible /usr/pkgsrc/wip/libxslt-32/work/.buildlink/lib/libgpg-error.a when searching for -lgpg-error
ld: cannot find -lgpg-error
gmake[2]: *** [Makefile:493: libexslt.la] Error 1
gmake[2]: Leaving directory '/usr/pkgsrc/wip/libxslt-32/work/libxslt-1.1.33/libexslt'
gmake[1]: *** [Makefile:614: all-recursive] Error 1
gmake[1]: Leaving directory '/usr/pkgsrc/wip/libxslt-32/work/libxslt-1.1.33'
gmake: *** [Makefile:440: all] Error 2
*** Error code 2

Stop.
make[1]: stopped in /usr/pkgsrc/wip/libxslt-32
*** Error code 1

Stop.
make: stopped in /usr/pkgsrc/wip/libxslt-32
