make: stopped in /usr/pkgsrc/local/clementine
=> Bootstrap dependency digest>=20010302: found digest-20160304
=> Checksum SHA1 OK for Clementine/1.3.1.tar.gz
=> Checksum RMD160 OK for Clementine/1.3.1.tar.gz
=> Checksum SHA512 OK for Clementine/1.3.1.tar.gz
===> Installing dependencies for Clementine-1.3.1
==========================================================================
The supported build options for Clementine are:

	amazon-cloud-drive audiocd box devicekit dropbox
	gio google-drive lastfm libgpod libmtp moodbar
	pulseaudio skydrive visualisations wiimote

The currently selected options are:

	amazon-cloud-drive box devicekit dropbox gio
	google-drive libgpod libmtp moodbar skydrive
	visualisations wiimote

You can select which build options to use by setting PKG_DEFAULT_OPTIONS
or the following variable.  Its current value is shown:

	PKG_OPTIONS.clementine (not defined)

==========================================================================
==========================================================================
The following variables will affect the build process of this package,
Clementine-1.3.1.  Their current value is shown below:

        * JPEG_DEFAULT = jpeg
        * SSLBASE = /usr
        * SSLCERTS = /etc/openssl/certs
        * SSLDIR = /etc/openssl
        * SSLKEYS = /etc/openssl/private

Based on these variables, the following variables have been set:

        * JPEGBASE (defined, but empty)
        * JPEG_TYPE = jpeg

You may want to abort the process now with CTRL-C and change their value
before continuing.  Be sure to run `/usr/bin/make clean' after
the changes.
==========================================================================
=> Tool dependency cmake>=2.8.1nb1: found cmake-3.7.1
=> Tool dependency pkgconf-[0-9]*: found pkgconf-1.0.1
=> Build dependency cmake-[0-9]*: found cmake-3.7.1
=> Build dependency pkgconf>=0.9.10: found pkgconf-1.0.1
=> Build dependency x11-links>=1.02: found x11-links-1.02
=> Build dependency boost-headers-1.62.*: found boost-headers-1.62.0
=> Build dependency qt4-tools>=4.8.7nb1: found qt4-tools-4.8.7nb2
=> Build dependency cwrappers>=20150314: found cwrappers-20161125
=> Full dependency qt4>=4.5.0: found qt4-4.8.7
=> Full dependency qt4-tiff>=4.5.0: found qt4-tiff-4.8.7nb1
=> Full dependency qt4-sqlite3>=4.5.0: found qt4-sqlite3-4.8.7nb4
=> Full dependency gst-plugins1-cdparanoia>=1.4.0: found gst-plugins1-cdparanoia-1.10.0
=> Full dependency gst-plugins1-faac>=1.4.0: found gst-plugins1-faac-1.10.0
=> Full dependency gst-plugins1-faad>=1.4.0: found gst-plugins1-faad-1.10.0
=> Full dependency gst-plugins1-flac>=1.4.0: found gst-plugins1-flac-1.10.0
=> Full dependency gst-plugins1-gio>=1.4.0: found gst-plugins1-gio-1.10.0
=> Full dependency gst-plugins1-lame>=1.4.0: found gst-plugins1-lame-1.10.0
=> Full dependency gst-plugins1-mad>=1.4.0: found gst-plugins1-mad-1.10.0
=> Full dependency gst-plugins1-twolame>=1.4.0: found gst-plugins1-twolame-1.10.0
=> Full dependency gst-plugins1-vorbis>=1.4.0: found gst-plugins1-vorbis-1.10.0
=> Full dependency chromaprint>=1.4: found chromaprint-1.4.1
=> Full dependency libechonest>=2.3.1: found libechonest-2.3.1
=> Full dependency taglib>=1.9.1: found taglib-1.11.1
=> Full dependency boost-libs-1.62.*: found boost-libs-1.62.0nb1
=> Full dependency boost-libs>=1.62.0: found boost-libs-1.62.0nb1
=> Full dependency gettext-tools>=0.18.1.1nb3: found gettext-tools-0.19.8.1
=> Full dependency protobuf>=3.0.0: found protobuf-3.1.0nb1
=> Full dependency glib2>=2.34.0: found glib2-2.50.2
=> Full dependency qjson>=0.7.1: found qjson-0.8.1nb2
=> Full dependency sparsehash>=2.0.2: found sparsehash-2.0.3
=> Full dependency glew>=1.11.0nb1: found glew-1.13.0
=> Full dependency fftw>=3.1nb1: found fftw-3.3.5
=> Full dependency gstreamer1>=1.0.0: found gstreamer1-1.10.0
=> Full dependency gst-plugins1-base>=1.0.0: found gst-plugins1-base-1.10.0
=> Full dependency gst-plugins1-bad>=1.0.3: found gst-plugins1-bad-1.10.0
=> Full dependency cryptopp>=5.6.2: found cryptopp-5.6.2nb3
=> Full dependency qca2>=2.0.3nb20: found qca2-2.0.3nb20
=> Full dependency libxml2>=2.8.0nb2: found libxml2-2.9.4nb1
=> Full dependency qt4-qdbus>=4.8.7nb1: found qt4-qdbus-4.8.7nb1
=> Full dependency libmtp>=0.3.0: found libmtp-1.1.11
=> Full dependency libgpod>=0.8.2nb26: found libgpod-0.8.2nb27
=> Full dependency libplist>=1.12: found libplist-1.12
=> Full dependency libusbmuxd>=1.0.10: found libusbmuxd-1.0.10
=> Full dependency desktop-file-utils>=0.10nb1: found desktop-file-utils-0.23
=> Full dependency hicolor-icon-theme>=0.9nb1: found hicolor-icon-theme-0.13
===> Overriding tools for Clementine-1.3.1
===> Extracting for Clementine-1.3.1
===> Patching for Clementine-1.3.1
=> Applying pkgsrc patches for Clementine-1.3.1
===> Creating toolchain wrappers for Clementine-1.3.1
src=/usr/X11R7/lib/pkgconfig/fixesproto.pc  dst=/usr/pkgsrc/local/clementine/work/.buildlink/lib/pkgconfig/fixesext.pc;  /bin/mkdir -p /usr/pkgsrc/local/clementine/work/.buildlink/lib/pkgconfig;  if test -f ${src}; then  /bin/ln -sf ${src} ${dst};  fi
src=/usr/X11R7/lib/pkgconfig/compositeproto.pc  dst=/usr/pkgsrc/local/clementine/work/.buildlink/lib/pkgconfig/compositeext.pc;  /bin/mkdir -p /usr/pkgsrc/local/clementine/work/.buildlink/lib/pkgconfig;  if test -f ${src}; then  /bin/ln -sf ${src} ${dst};  fi
===> Configuring for Clementine-1.3.1
=> Generating pkg-config file for builtin expat package.
=> Adding run-time search paths to pkg-config files.
=> Fixing CMAKE_MODULE_PATH in CMakeLists.txt
-- The C compiler identification is GNU 5.4.0
-- The CXX compiler identification is GNU 5.4.0
-- Check for working C compiler: /usr/pkgsrc/local/clementine/work/.cwrapper/bin/gcc
-- Check for working C compiler: /usr/pkgsrc/local/clementine/work/.cwrapper/bin/gcc -- works
-- Detecting C compiler ABI info
-- Detecting C compiler ABI info - done
-- Detecting C compile features
-- Detecting C compile features - done
-- Check for working CXX compiler: /usr/pkgsrc/local/clementine/work/.cwrapper/bin/c++
-- Check for working CXX compiler: /usr/pkgsrc/local/clementine/work/.cwrapper/bin/c++ -- works
-- Detecting CXX compiler ABI info
-- Detecting CXX compiler ABI info - done
-- Detecting CXX compile features
-- Detecting CXX compile features - done
-- Found PkgConfig: /usr/pkgsrc/local/clementine/work/.tools/bin/pkg-config (found version "1.0.1") 
-- Looking for Q_WS_X11
-- Looking for Q_WS_X11 - found
-- Looking for Q_WS_WIN
-- Looking for Q_WS_WIN - not found
-- Looking for Q_WS_QWS
-- Looking for Q_WS_QWS - not found
-- Looking for Q_WS_MAC
-- Looking for Q_WS_MAC - not found
-- Found Qt4: /usr/pkg/qt4/bin/qmake (found suitable version "4.8.7", minimum required is "4.5.0") 
-- Found Qt4: /usr/pkg/qt4/bin/qmake (found version "4.8.7") 
-- Found OpenGL: /usr/pkgsrc/local/clementine/work/.buildlink/lib/libGL.so  
-- Boost version: 1.62.0
-- Found Gettext: /usr/pkg/bin/msgmerge (found version "0.19.8.1") 
-- Looking for pthread.h
-- Looking for pthread.h - found
-- Looking for pthread_create
-- Looking for pthread_create - not found
-- Looking for pthread_create in pthreads
-- Looking for pthread_create in pthreads - not found
-- Looking for pthread_create in pthread
-- Looking for pthread_create in pthread - found
-- Found Threads: TRUE  
-- Found Protobuf: /usr/pkgsrc/local/clementine/work/.buildlink/lib/libprotobuf.so;-lpthread (found version "3.1.0") 
-- Checking for module 'libcdio'
--   Package libcdio was not found in the pkg-config search path.
Perhaps you should add the directory containing `libcdio.pc'
to the PKG_CONFIG_PATH environment variable
Package 'libcdio', required by 'virtual:world', not found
-- Checking for module 'libchromaprint'
--   Found libchromaprint, version 1.4.1
-- Checking for one of the modules 'cryptopp;libcrypto++'
-- Checking for module 'gio-2.0'
--   Found gio-2.0, version 2.50.2
-- Checking for module 'glib-2.0'
--   Found glib-2.0, version 2.50.2
-- Checking for module 'gobject-2.0'
--   Found gobject-2.0, version 2.50.2
-- Checking for module 'gstreamer-1.0'
--   Found gstreamer-1.0, version 1.10.0
-- Checking for module 'gstreamer-app-1.0'
--   Found gstreamer-app-1.0, version 1.10.0
-- Checking for module 'gstreamer-audio-1.0'
--   Found gstreamer-audio-1.0, version 1.10.0
-- Checking for module 'gstreamer-base-1.0'
--   Found gstreamer-base-1.0, version 1.10.0
-- Checking for module 'gstreamer-tag-1.0'
--   Found gstreamer-tag-1.0, version 1.10.0
-- Checking for module 'libgpod-1.0>=0.7.92'
--   Found libgpod-1.0, version 0.8.2
-- Checking for module 'libmtp>=1.0'
--   Found libmtp, version 1.1.11
-- Checking for module 'libmygpo-qt>=1.0.9'
--   
-- Checking for module 'libpulse'
--   Package libpulse was not found in the pkg-config search path.
Perhaps you should add the directory containing `libpulse.pc'
to the PKG_CONFIG_PATH environment variable
Package 'libpulse', required by 'virtual:world', not found
-- Checking for module 'libxml-2.0'
--   Found libxml-2.0, version 2.9.4
-- Checking for module 'QJson'
--   Found QJson, version 0.8.1
-- Checking for module 'libspotify>=12.1.45'
--   
-- Checking for module 'taglib>=1.6'
--   Found taglib, version 1.11.1
-- Performing Test TAGLIB_HAS_OPUS
-- Performing Test TAGLIB_HAS_OPUS - Success
-- Found Qt4: /usr/pkg/qt4/bin/qmake (found version "4.8.7") 
-- Checking for module 'k8json'
--   Package k8json was not found in the pkg-config search path.
Perhaps you should add the directory containing `k8json.pc'
to the PKG_CONFIG_PATH environment variable
Package 'k8json', required by 'virtual:world', not found
-- Using internal copy of k8json
-- Performing Test COMPILER_SUPPORTS_PIC_FLAG
-- Performing Test COMPILER_SUPPORTS_PIC_FLAG - Success
-- Performing Test COMPILER_SUPPORTS_CXX_11_FLAG
-- Performing Test COMPILER_SUPPORTS_CXX_11_FLAG - Success
-- Performing Test COMPILER_SUPPORTS_STD_LIBCXX_FLAG
-- Performing Test COMPILER_SUPPORTS_STD_LIBCXX_FLAG - Failed
-- Added static library vreen
-- Using internal copy of vreen
-- Looking for XOpenDisplay in /usr/pkgsrc/local/clementine/work/.buildlink/lib/libX11.so;/usr/pkgsrc/local/clementine/work/.buildlink/lib/libXext.so
-- Looking for XOpenDisplay in /usr/pkgsrc/local/clementine/work/.buildlink/lib/libX11.so;/usr/pkgsrc/local/clementine/work/.buildlink/lib/libXext.so - found
-- Looking for gethostbyname
-- Looking for gethostbyname - found
-- Looking for connect
-- Looking for connect - found
-- Looking for remove
-- Looking for remove - found
-- Looking for shmat
-- Looking for shmat - found
-- Looking for IceConnectionNumber in ICE
-- Looking for IceConnectionNumber in ICE - found
-- Found X11: /usr/pkgsrc/local/clementine/work/.buildlink/lib/libX11.so
-- Performing Test SUPPORTS_OPENMP
-- Performing Test SUPPORTS_OPENMP - Success
-- Using builtin sha2 library
-- Performing Test SUPPORTS_NOBOOL
-- Performing Test SUPPORTS_NOBOOL - Success
-- Configuring done
-- Generating done
-- Build files have been written to: /usr/pkgsrc/local/clementine/work/Clementine-1.3.1
=> Rewrite cmake Dependencies files
===> Building for Clementine-1.3.1
[  0%] Generating moc_qsql_sqlite.cxx
[  0%] Generating moc_qtlocalpeer.cxx
Scanning dependencies of target vreen_automoc
Scanning dependencies of target k8json_automoc
[  0%] Automatic moc for target vreen
[  1%] Automatic moc for target k8json
Generating moc compilation k8json_automoc.cpp
[  1%] Generating moc_qtsingleapplication.cxx
[  1%] Built target k8json_automoc
[  1%] Generating moc_qtsinglecoreapplication.cxx
[  1%] Generating moc_qtiocompressor.cxx
Scanning dependencies of target Renderer
Scanning dependencies of target qtiocompressor
Scanning dependencies of target qsqlite
[  2%] Building CXX object 3rdparty/libprojectm/Renderer/CMakeFiles/Renderer.dir/FBO.o
[  2%] Building CXX object 3rdparty/qsqlite/CMakeFiles/qsqlite.dir/qsql_sqlite.cpp.o
Scanning dependencies of target qtsingleapplication
[  2%] Building CXX object 3rdparty/qtiocompressor/CMakeFiles/qtiocompressor.dir/qtiocompressor.cpp.o
[  2%] Building CXX object 3rdparty/qtsingleapplication/CMakeFiles/qtsingleapplication.dir/qtlockedfile.cpp.o
Generating moc source moc_attachment.cpp
Generating moc source moc_audio.cpp
Generating moc source moc_chatsession.cpp
Generating moc source moc_client.cpp
Generating moc source moc_commentssession.cpp
Generating moc source moc_contact.cpp
Generating moc source moc_contentdownloader.cpp
Generating moc source moc_groupchatsession.cpp
Generating moc source moc_groupmanager.cpp
Generating moc source moc_longpoll.cpp
Generating moc source moc_message.cpp
Generating moc source moc_messagemodel.cpp
Generating moc source moc_messagesession.cpp
Generating moc source moc_newsfeed.cpp
Generating moc source moc_newsitem.cpp
Generating moc source moc_reply.cpp
Generating moc source moc_roster.cpp
Generating moc source moc_wallsession.cpp
Generating moc source vreen_automoc.dir/moc_abstractlistmo_SMSOIQYT2BFSKG.cpp
Generating moc source vreen_automoc.dir/moc_connection_CFUQ26WFG65CD3.cpp
Generating moc source vreen_automoc.dir/moc_contentdownloa_5EXHY772GUDT7N.cpp
Generating moc source vreen_automoc.dir/moc_pollprovider_ALZXJ6L6EAGTSR.cpp
Generating moc compilation vreen_automoc.cpp
[  2%] Built target vreen_automoc
[  2%] Building CXX object 3rdparty/libprojectm/Renderer/CMakeFiles/Renderer.dir/MilkdropWaveform.o
[  2%] Building CXX object 3rdparty/qtsingleapplication/CMakeFiles/qtsingleapplication.dir/qtlocalpeer.cpp.o
[  3%] Building CXX object 3rdparty/qtiocompressor/CMakeFiles/qtiocompressor.dir/moc_qtiocompressor.cxx.o
[  3%] Building CXX object 3rdparty/qsqlite/CMakeFiles/qsqlite.dir/smain.cpp.o
[  3%] Building CXX object 3rdparty/libprojectm/Renderer/CMakeFiles/Renderer.dir/PerPixelMesh.o
[  3%] Linking CXX static library libqtiocompressor.a
[  3%] Built target qtiocompressor
[  3%] Building CXX object 3rdparty/libprojectm/Renderer/CMakeFiles/Renderer.dir/Pipeline.o
[  3%] Building CXX object 3rdparty/qtsingleapplication/CMakeFiles/qtsingleapplication.dir/qtsingleapplication.cpp.o
[  3%] Building CXX object 3rdparty/qsqlite/CMakeFiles/qsqlite.dir/clementinesqlcachedresult.cpp.o
[  3%] Building CXX object 3rdparty/libprojectm/Renderer/CMakeFiles/Renderer.dir/Renderer.o
[  3%] Building CXX object 3rdparty/qtsingleapplication/CMakeFiles/qtsingleapplication.dir/qtsinglecoreapplication.cpp.o
[  3%] Generating moc_qxtglobalshortcut.cxx
Scanning dependencies of target qxt
[  3%] Building CXX object 3rdparty/qxt/CMakeFiles/qxt.dir/qxtglobal.cpp.o
[  4%] Building CXX object 3rdparty/qxt/CMakeFiles/qxt.dir/qxtglobalshortcut.cpp.o
[  4%] Building CXX object 3rdparty/qxt/CMakeFiles/qxt.dir/qxtglobalshortcut_x11.cpp.o
[  4%] Building CXX object 3rdparty/qtsingleapplication/CMakeFiles/qtsingleapplication.dir/moc_qtlocalpeer.cxx.o
[  4%] Building CXX object 3rdparty/libprojectm/Renderer/CMakeFiles/Renderer.dir/ShaderEngine.o
[  4%] Building CXX object 3rdparty/qsqlite/CMakeFiles/qsqlite.dir/moc_qsql_sqlite.cxx.o
Scanning dependencies of target sha2
[  4%] Building CXX object 3rdparty/sha2/CMakeFiles/sha2.dir/sha2.cpp.o
[  4%] Building CXX object 3rdparty/libprojectm/Renderer/CMakeFiles/Renderer.dir/UserTexture.o
[  4%] Linking CXX static library libsha2.a
[  4%] Built target sha2
[  4%] Building CXX object 3rdparty/qtsingleapplication/CMakeFiles/qtsingleapplication.dir/moc_qtsingleapplication.cxx.o
[  4%] Linking CXX static library libqsqlite.a
[  4%] Built target qsqlite
[  4%] Building CXX object 3rdparty/qtsingleapplication/CMakeFiles/qtsingleapplication.dir/moc_qtsinglecoreapplication.cxx.o
[  4%] Building CXX object 3rdparty/libprojectm/Renderer/CMakeFiles/Renderer.dir/Waveform.o
[ ...] #Only minor warnings here
[ 98%] Building CXX object src/CMakeFiles/clementine_lib.dir/qrc_translations.cxx.o
[ 98%] Building CXX object src/CMakeFiles/clementine_lib.dir/dbus/gnomesettingsdaemon.cpp.o
[100%] Building CXX object src/CMakeFiles/clementine_lib.dir/dbus/wiimotedev.cpp.o
g++: internal compiler error: Killed (program cc1plus received signal 9)
Please submit a full bug report,
with preprocessed source if appropriate.
See <http://www.NetBSD.org/support/send-pr.html> for instructions.
g++: internal compiler error: Killed (program cc1plus received signal 9)
Please submit a full bug report,
with preprocessed source if appropriate.
See <http://www.NetBSD.org/support/send-pr.html> for instructions.
--- src/CMakeFiles/clementine_lib.dir/dbus/wiimotedev.cpp.o ---
*** [src/CMakeFiles/clementine_lib.dir/dbus/wiimotedev.cpp.o] Error code 4

make[2]: stopped in /usr/pkgsrc/local/clementine/work/Clementine-1.3.1
--- src/CMakeFiles/clementine_lib.dir/dbus/gnomesettingsdaemon.cpp.o ---
*** [src/CMakeFiles/clementine_lib.dir/dbus/gnomesettingsdaemon.cpp.o] Error code 4

make[2]: stopped in /usr/pkgsrc/local/clementine/work/Clementine-1.3.1
g++: internal compiler error: Killed (program cc1plus received signal 9)
Please submit a full bug report,
with preprocessed source if appropriate.
See <http://www.NetBSD.org/support/send-pr.html> for instructions.
--- src/CMakeFiles/clementine_lib.dir/qrc_translations.cxx.o ---
*** [src/CMakeFiles/clementine_lib.dir/qrc_translations.cxx.o] Error code 4

make[2]: stopped in /usr/pkgsrc/local/clementine/work/Clementine-1.3.1
3 errors

make[2]: stopped in /usr/pkgsrc/local/clementine/work/Clementine-1.3.1
--- src/CMakeFiles/clementine_lib.dir/all ---
*** [src/CMakeFiles/clementine_lib.dir/all] Error code 2

make[1]: stopped in /usr/pkgsrc/local/clementine/work/Clementine-1.3.1
1 error

make[1]: stopped in /usr/pkgsrc/local/clementine/work/Clementine-1.3.1
*** [all] Error code 2

make: stopped in /usr/pkgsrc/local/clementine/work/Clementine-1.3.1

make: stopped in /usr/pkgsrc/local/clementine/work/Clementine-1.3.1
*** Error code 2

Stop.
make[1]: stopped in /usr/pkgsrc/local/clementine
*** Error code 1

Stop.
make: stopped in /usr/pkgsrc/local/clementine
